d:\work\developping\4.9测试代码\142.elastogui\elastodll\release\vc120.pdb
d:\work\developping\4.9测试代码\143.elastogui\elastodll\release\vc120.pdb
d:\work\developping\4.9测试代码\142.elastogui\release\elastodll.lib
d:\work\developping\4.9测试代码\142.elastogui\release\elastodll.exp
d:\work\developping\4.9测试代码\143.elastogui\release\elastodll.lib
d:\work\developping\4.9测试代码\143.elastogui\release\elastodll.exp
d:\work\developping\4.9测试代码\143.elastogui\elastodll\release\cdata.obj
d:\work\developping\4.9测试代码\143.elastogui\elastodll\release\cdataprocess.obj
d:\work\developping\4.9测试代码\143.elastogui\elastodll\release\cdisplacement.obj
d:\work\developping\4.9测试代码\143.elastogui\elastodll\release\celasto.obj
d:\work\developping\4.9测试代码\143.elastogui\elastodll\release\cfilter.obj
d:\work\developping\4.9测试代码\143.elastogui\elastodll\release\cstrain.obj
d:\work\developping\4.9测试代码\143.elastogui\elastodll\release\elastodll.obj
d:\work\developping\4.9测试代码\143.elastogui\elastodll\release\stdafx.obj
d:\work\developping\4.9测试代码\143.elastogui\elastodll\release\elastodll.res
d:\work\developping\4.9测试代码\143.elastogui\elastodll\release\elastodll.pch
d:\work\developping\4.9测试代码\143.elastogui\release\elastodll.dll
d:\work\developping\4.9测试代码\143.elastogui\elastodll\release\elastodll.tlog\cl.command.1.tlog
d:\work\developping\4.9测试代码\143.elastogui\elastodll\release\elastodll.tlog\cl.write.1.tlog
d:\work\developping\4.9测试代码\143.elastogui\elastodll\release\elastodll.tlog\elastodll.write.1u.tlog
d:\work\developping\4.9测试代码\143.elastogui\elastodll\release\elastodll.tlog\link.command.1.tlog
d:\work\developping\4.9测试代码\143.elastogui\elastodll\release\elastodll.tlog\rc.command.1.tlog
