d:\work\developping\4.9测试代码\143.elastogui\elastodll\debug\vc120.pdb
d:\work\developping\4.9测试代码\143.elastogui\debug\elastodll.lib
d:\work\developping\4.9测试代码\143.elastogui\debug\elastodll.exp
d:\work\developping\4.9测试代码\143.elastogui\elastodll\debug\cdata.obj
d:\work\developping\4.9测试代码\143.elastogui\elastodll\debug\cdataprocess.obj
d:\work\developping\4.9测试代码\143.elastogui\elastodll\debug\cdisplacement.obj
d:\work\developping\4.9测试代码\143.elastogui\elastodll\debug\celasto.obj
d:\work\developping\4.9测试代码\143.elastogui\elastodll\debug\cfilter.obj
d:\work\developping\4.9测试代码\143.elastogui\elastodll\debug\cstrain.obj
d:\work\developping\4.9测试代码\143.elastogui\elastodll\debug\elastodll.obj
d:\work\developping\4.9测试代码\143.elastogui\elastodll\debug\stdafx.obj
d:\work\developping\4.9测试代码\143.elastogui\elastodll\debug\elastodll.res
d:\work\developping\4.9测试代码\143.elastogui\elastodll\debug\elastodll.pch
d:\work\developping\4.9测试代码\143.elastogui\elastodll\debug\vc120.idb
d:\work\developping\4.9测试代码\143.elastogui\debug\elastodll.pdb
d:\work\developping\4.9测试代码\143.elastogui\debug\elastodll.dll
d:\work\developping\4.9测试代码\143.elastogui\debug\elastodll.ilk
d:\work\developping\4.9测试代码\143.elastogui\elastodll\debug\elastodll.tlog\cl.command.1.tlog
d:\work\developping\4.9测试代码\143.elastogui\elastodll\debug\elastodll.tlog\cl.write.1.tlog
d:\work\developping\4.9测试代码\143.elastogui\elastodll\debug\elastodll.tlog\elastodll.write.1u.tlog
d:\work\developping\4.9测试代码\143.elastogui\elastodll\debug\elastodll.tlog\link.command.1.tlog
d:\work\developping\4.9测试代码\143.elastogui\elastodll\debug\elastodll.tlog\rc.command.1.tlog
