d:\work\developping\4.9测试代码\143.elastogui\elastogui\debug\elastogui.pch
d:\work\developping\4.9测试代码\143.elastogui\elastogui\debug\vc120.pdb
d:\work\developping\4.9测试代码\143.elastogui\elastogui\debug\vc120.idb
d:\work\developping\4.9测试代码\143.elastogui\elastogui\debug\stdafx.obj
d:\work\developping\4.9测试代码\143.elastogui\elastogui\debug\cyusbdevice.obj
d:\work\developping\4.9测试代码\143.elastogui\elastogui\debug\elastogui.obj
d:\work\developping\4.9测试代码\143.elastogui\elastogui\debug\elastoguidlg.obj
d:\work\developping\4.9测试代码\143.elastogui\elastogui\debug\fonttext.obj
d:\work\developping\4.9测试代码\143.elastogui\elastogui\debug\ownerdrawstatic.obj
d:\work\developping\4.9测试代码\143.elastogui\elastogui\debug\pagebase.obj
d:\work\developping\4.9测试代码\143.elastogui\elastogui\debug\pageexam.obj
d:\work\developping\4.9测试代码\143.elastogui\elastogui\debug\parser.obj
d:\work\developping\4.9测试代码\143.elastogui\debug\elastogui.ilk
d:\work\developping\4.9测试代码\143.elastogui\debug\elastogui.exe
d:\work\developping\4.9测试代码\143.elastogui\debug\elastogui.pdb
d:\work\developping\4.9测试代码\143.elastogui\elastogui\debug\elastogui.res
d:\work\developping\4.9测试代码\143.elastogui\elastogui\debug\elastogui.tlog\cl.command.1.tlog
d:\work\developping\4.9测试代码\143.elastogui\elastogui\debug\elastogui.tlog\cl.read.1.tlog
d:\work\developping\4.9测试代码\143.elastogui\elastogui\debug\elastogui.tlog\cl.write.1.tlog
d:\work\developping\4.9测试代码\143.elastogui\elastogui\debug\elastogui.tlog\link.command.1.tlog
d:\work\developping\4.9测试代码\143.elastogui\elastogui\debug\elastogui.tlog\link.read.1.tlog
d:\work\developping\4.9测试代码\143.elastogui\elastogui\debug\elastogui.tlog\link.write.1.tlog
d:\work\developping\4.9测试代码\143.elastogui\elastogui\debug\elastogui.tlog\rc.command.1.tlog
d:\work\developping\4.9测试代码\143.elastogui\elastogui\debug\elastogui.tlog\rc.read.1.tlog
d:\work\developping\4.9测试代码\143.elastogui\elastogui\debug\elastogui.tlog\rc.write.1.tlog
