d:\work\developping\4.9测试代码\142.elastogui\elastogui\release\elastogui.pch
d:\work\developping\4.9测试代码\142.elastogui\elastogui\release\vc120.pdb
d:\work\developping\4.9测试代码\142.elastogui\elastogui\release\stdafx.obj
d:\work\developping\4.9测试代码\142.elastogui\elastogui\release\parser.obj
d:\work\developping\4.9测试代码\142.elastogui\elastogui\release\pageexam.obj
d:\work\developping\4.9测试代码\142.elastogui\elastogui\release\pagebase.obj
d:\work\developping\4.9测试代码\142.elastogui\elastogui\release\ownerdrawstatic.obj
d:\work\developping\4.9测试代码\142.elastogui\elastogui\release\fonttext.obj
d:\work\developping\4.9测试代码\142.elastogui\elastogui\release\elastoguidlg.obj
d:\work\developping\4.9测试代码\142.elastogui\elastogui\release\elastogui.obj
d:\work\developping\4.9测试代码\142.elastogui\elastogui\release\cyusbdevice.obj
d:\work\developping\4.9测试代码\143.elastogui\elastogui\release\elastogui.pch
d:\work\developping\4.9测试代码\143.elastogui\elastogui\release\vc120.pdb
d:\work\developping\4.9测试代码\143.elastogui\elastogui\release\stdafx.obj
d:\work\developping\4.9测试代码\143.elastogui\elastogui\release\parser.obj
d:\work\developping\4.9测试代码\143.elastogui\elastogui\release\pageexam.obj
d:\work\developping\4.9测试代码\143.elastogui\elastogui\release\pagebase.obj
d:\work\developping\4.9测试代码\143.elastogui\elastogui\release\ownerdrawstatic.obj
d:\work\developping\4.9测试代码\143.elastogui\elastogui\release\fonttext.obj
d:\work\developping\4.9测试代码\143.elastogui\elastogui\release\elastogui.obj
d:\work\developping\4.9测试代码\143.elastogui\elastogui\release\cyusbdevice.obj
d:\work\developping\4.9测试代码\143.elastogui\elastogui\release\elastoguidlg.obj
d:\work\developping\4.9测试代码\142.elastogui\release\elastogui.exe
d:\work\developping\4.9测试代码\143.elastogui\release\elastogui.exe
d:\work\developping\4.9测试代码\142.elastogui\elastogui\release\elastogui.res
d:\work\developping\4.9测试代码\143.elastogui\elastogui\release\elastogui.res
d:\work\developping\4.9测试代码\143.elastogui\elastogui\release\elastogui.tlog\cl.command.1.tlog
d:\work\developping\4.9测试代码\143.elastogui\elastogui\release\elastogui.tlog\cl.read.1.tlog
d:\work\developping\4.9测试代码\143.elastogui\elastogui\release\elastogui.tlog\cl.write.1.tlog
d:\work\developping\4.9测试代码\143.elastogui\elastogui\release\elastogui.tlog\link.command.1.tlog
d:\work\developping\4.9测试代码\143.elastogui\elastogui\release\elastogui.tlog\link.read.1.tlog
d:\work\developping\4.9测试代码\143.elastogui\elastogui\release\elastogui.tlog\link.write.1.tlog
d:\work\developping\4.9测试代码\143.elastogui\elastogui\release\elastogui.tlog\rc.command.1.tlog
d:\work\developping\4.9测试代码\143.elastogui\elastogui\release\elastogui.tlog\rc.read.1.tlog
d:\work\developping\4.9测试代码\143.elastogui\elastogui\release\elastogui.tlog\rc.write.1.tlog
